2022-01-29 10:14:24.545|java-design-pattern|env_IS_UNDEFINED|INFO |main|org.springframework.boot.StartupInfoLogger:logStarting:55| - Starting com.MainApplication using Java 1.8.0_302 on ZhihaodeMacBook-Air.local with PID 9500 (/Users/zhihaoyan/project/my/java-design-pattern/target/classes started by zhihaoyan in /Users/zhihaoyan/project/my/java-design-pattern)
2022-01-29 10:14:24.551|java-design-pattern|env_IS_UNDEFINED|INFO |main|org.springframework.boot.SpringApplication:logStartupProfileInfo:635| - No active profile set, falling back to default profiles: default
2022-01-29 10:14:24.585|java-design-pattern|env_IS_UNDEFINED|WARN |main|org.springframework.boot.context.ConfigurationWarningsApplicationContextInitializer$ConfigurationWarningsPostProcessor:warn:104| - 

** WARNING ** : Your ApplicationContext is unlikely to start due to a @ComponentScan of the default package.


2022-01-29 10:14:25.613|java-design-pattern|env_IS_UNDEFINED|WARN |main|org.springframework.context.support.AbstractApplicationContext:refresh:591| - Exception encountered during context initialization - cancelling refresh attempt: org.springframework.beans.factory.BeanDefinitionStoreException: Failed to read candidate component class: URL [jar:file:/Users/zhihaoyan/.m2/repository/org/springframework/boot/spring-boot-autoconfigure/2.6.2/spring-boot-autoconfigure-2.6.2.jar!/org/springframework/boot/autoconfigure/r2dbc/ConnectionFactoryConfigurations$PoolConfiguration.class]; nested exception is java.lang.IllegalStateException: Could not evaluate condition on org.springframework.boot.autoconfigure.r2dbc.ConnectionFactoryConfigurations$PoolConfiguration due to io/r2dbc/spi/ValidationDepth not found. Make sure your own configuration does not rely on that class. This can also happen if you are @ComponentScanning a springframework package (e.g. if you put a @ComponentScan in the default package by mistake)
2022-01-29 10:14:25.616|java-design-pattern|env_IS_UNDEFINED|INFO |main|org.springframework.boot.autoconfigure.logging.ConditionEvaluationReportLoggingListener:logMessage:136| - 

Error starting ApplicationContext. To display the conditions report re-run your application with 'debug' enabled.
2022-01-29 10:14:25.627|java-design-pattern|env_IS_UNDEFINED|ERROR|main|org.springframework.boot.SpringApplication:reportFailure:819| - Application run failed
org.springframework.beans.factory.BeanDefinitionStoreException: Failed to read candidate component class: URL [jar:file:/Users/zhihaoyan/.m2/repository/org/springframework/boot/spring-boot-autoconfigure/2.6.2/spring-boot-autoconfigure-2.6.2.jar!/org/springframework/boot/autoconfigure/r2dbc/ConnectionFactoryConfigurations$PoolConfiguration.class]; nested exception is java.lang.IllegalStateException: Could not evaluate condition on org.springframework.boot.autoconfigure.r2dbc.ConnectionFactoryConfigurations$PoolConfiguration due to io/r2dbc/spi/ValidationDepth not found. Make sure your own configuration does not rely on that class. This can also happen if you are @ComponentScanning a springframework package (e.g. if you put a @ComponentScan in the default package by mistake)
	at org.springframework.context.annotation.ClassPathScanningCandidateComponentProvider.scanCandidateComponents(ClassPathScanningCandidateComponentProvider.java:457)
	at org.springframework.context.annotation.ClassPathScanningCandidateComponentProvider.findCandidateComponents(ClassPathScanningCandidateComponentProvider.java:316)
	at org.springframework.context.annotation.ClassPathBeanDefinitionScanner.doScan(ClassPathBeanDefinitionScanner.java:276)
	at org.springframework.context.annotation.ComponentScanAnnotationParser.parse(ComponentScanAnnotationParser.java:128)
	at org.springframework.context.annotation.ConfigurationClassParser.doProcessConfigurationClass(ConfigurationClassParser.java:296)
	at org.springframework.context.annotation.ConfigurationClassParser.processConfigurationClass(ConfigurationClassParser.java:250)
	at org.springframework.context.annotation.ConfigurationClassParser.parse(ConfigurationClassParser.java:207)
	at org.springframework.context.annotation.ConfigurationClassParser.parse(ConfigurationClassParser.java:175)
	at org.springframework.context.annotation.ConfigurationClassPostProcessor.processConfigBeanDefinitions(ConfigurationClassPostProcessor.java:331)
	at org.springframework.context.annotation.ConfigurationClassPostProcessor.postProcessBeanDefinitionRegistry(ConfigurationClassPostProcessor.java:247)
	at org.springframework.context.support.PostProcessorRegistrationDelegate.invokeBeanDefinitionRegistryPostProcessors(PostProcessorRegistrationDelegate.java:311)
	at org.springframework.context.support.PostProcessorRegistrationDelegate.invokeBeanFactoryPostProcessors(PostProcessorRegistrationDelegate.java:112)
	at org.springframework.context.support.AbstractApplicationContext.invokeBeanFactoryPostProcessors(AbstractApplicationContext.java:746)
	at org.springframework.context.support.AbstractApplicationContext.refresh(AbstractApplicationContext.java:564)
	at org.springframework.boot.SpringApplication.refresh(SpringApplication.java:730)
	at org.springframework.boot.SpringApplication.refreshContext(SpringApplication.java:412)
	at org.springframework.boot.SpringApplication.run(SpringApplication.java:302)
	at org.springframework.boot.SpringApplication.run(SpringApplication.java:1301)
	at org.springframework.boot.SpringApplication.run(SpringApplication.java:1290)
	at com.MainApplication.main(com.MainApplication.java:16)
Caused by: java.lang.IllegalStateException: Could not evaluate condition on org.springframework.boot.autoconfigure.r2dbc.ConnectionFactoryConfigurations$PoolConfiguration due to io/r2dbc/spi/ValidationDepth not found. Make sure your own configuration does not rely on that class. This can also happen if you are @ComponentScanning a springframework package (e.g. if you put a @ComponentScan in the default package by mistake)
	at org.springframework.boot.autoconfigure.condition.SpringBootCondition.matches(SpringBootCondition.java:54)
	at org.springframework.context.annotation.ConditionEvaluator.shouldSkip(ConditionEvaluator.java:108)
	at org.springframework.context.annotation.ConditionEvaluator.shouldSkip(ConditionEvaluator.java:88)
	at org.springframework.context.annotation.ConditionEvaluator.shouldSkip(ConditionEvaluator.java:71)
	at org.springframework.context.annotation.ClassPathScanningCandidateComponentProvider.isConditionMatch(ClassPathScanningCandidateComponentProvider.java:512)
	at org.springframework.context.annotation.ClassPathScanningCandidateComponentProvider.isCandidateComponent(ClassPathScanningCandidateComponentProvider.java:495)
	at org.springframework.context.annotation.ClassPathScanningCandidateComponentProvider.scanCandidateComponents(ClassPathScanningCandidateComponentProvider.java:430)
	... 19 common frames omitted
Caused by: java.lang.NoClassDefFoundError: io/r2dbc/spi/ValidationDepth
	at java.lang.Class.getDeclaredMethods0(Native Method)
	at java.lang.Class.privateGetDeclaredMethods(Class.java:2701)
	at java.lang.Class.getDeclaredMethods(Class.java:1975)
	at org.springframework.boot.context.properties.bind.JavaBeanBinder$Bean.getSorted(JavaBeanBinder.java:140)
	at org.springframework.boot.context.properties.bind.JavaBeanBinder$Bean.addProperties(JavaBeanBinder.java:132)
	at org.springframework.boot.context.properties.bind.JavaBeanBinder$Bean.<init>(JavaBeanBinder.java:127)
	at org.springframework.boot.context.properties.bind.JavaBeanBinder$Bean.get(JavaBeanBinder.java:226)
	at org.springframework.boot.context.properties.bind.JavaBeanBinder.bind(JavaBeanBinder.java:54)
	at org.springframework.boot.context.properties.bind.Binder.lambda$bindDataObject$5(Binder.java:473)
	at org.springframework.boot.context.properties.bind.Binder$Context.withIncreasedDepth(Binder.java:587)
	at org.springframework.boot.context.properties.bind.Binder$Context.withDataObject(Binder.java:573)
	at org.springframework.boot.context.properties.bind.Binder$Context.access$300(Binder.java:534)
	at org.springframework.boot.context.properties.bind.Binder.bindDataObject(Binder.java:471)
	at org.springframework.boot.context.properties.bind.Binder.bindObject(Binder.java:411)
	at org.springframework.boot.context.properties.bind.Binder.bind(Binder.java:340)
	at org.springframework.boot.context.properties.bind.Binder.bind(Binder.java:329)
	at org.springframework.boot.context.properties.bind.Binder.bind(Binder.java:259)
	at org.springframework.boot.context.properties.bind.Binder.bind(Binder.java:220)
	at org.springframework.boot.autoconfigure.r2dbc.ConnectionFactoryConfigurations$PooledConnectionFactoryCondition.getMatchOutcome(ConnectionFactoryConfigurations.java:138)
	at org.springframework.boot.autoconfigure.condition.SpringBootCondition.matches(SpringBootCondition.java:47)
	... 25 common frames omitted
Caused by: java.lang.ClassNotFoundException: io.r2dbc.spi.ValidationDepth
	at java.net.URLClassLoader.findClass(URLClassLoader.java:382)
	at java.lang.ClassLoader.loadClass(ClassLoader.java:419)
	at sun.misc.Launcher$AppClassLoader.loadClass(Launcher.java:352)
	at java.lang.ClassLoader.loadClass(ClassLoader.java:352)
	... 45 common frames omitted
2022-01-29 10:16:00.107|java-design-pattern|env_IS_UNDEFINED|INFO |main|org.springframework.boot.StartupInfoLogger:logStarting:55| - Starting MainApplication using Java 1.8.0_302 on ZhihaodeMacBook-Air.local with PID 9558 (/Users/zhihaoyan/project/my/java-design-pattern/target/classes started by zhihaoyan in /Users/zhihaoyan/project/my/java-design-pattern)
2022-01-29 10:16:00.108|java-design-pattern|env_IS_UNDEFINED|INFO |main|org.springframework.boot.SpringApplication:logStartupProfileInfo:635| - No active profile set, falling back to default profiles: default
2022-01-29 10:16:00.405|java-design-pattern|env_IS_UNDEFINED|INFO |main|org.springframework.boot.StartupInfoLogger:logStarted:61| - Started MainApplication in 0.582 seconds (JVM running for 1.19)
2022-01-29 10:16:26.982|java-design-pattern|env_IS_UNDEFINED|INFO |main|org.springframework.boot.StartupInfoLogger:logStarting:55| - Starting MainApplication using Java 1.8.0_302 on ZhihaodeMacBook-Air.local with PID 9572 (/Users/zhihaoyan/project/my/java-design-pattern/target/classes started by zhihaoyan in /Users/zhihaoyan/project/my/java-design-pattern)
2022-01-29 10:16:26.989|java-design-pattern|env_IS_UNDEFINED|INFO |main|org.springframework.boot.SpringApplication:logStartupProfileInfo:635| - No active profile set, falling back to default profiles: default
2022-01-29 10:16:27.250|java-design-pattern|env_IS_UNDEFINED|INFO |main|org.springframework.boot.StartupInfoLogger:logStarted:61| - Started MainApplication in 0.524 seconds (JVM running for 0.73)
